2022-10-09 08:25:44,847  INFO [main] SauceDemo04thJuneBatch:41 - Browser is opened
2022-10-09 08:25:45,166  INFO [main] SauceDemo04thJuneBatch:45 - Browser is maximized
2022-10-09 08:25:46,888  INFO [main] SauceDemo04thJuneBatch:48 - URL is opened
2022-10-09 08:25:48,380  INFO [main] SauceDemo04thJuneBatch:57 - Username is entered
2022-10-09 08:25:48,870  INFO [main] SauceDemo04thJuneBatch:60 - Password is entered
2022-10-09 08:25:50,047  INFO [main] SauceDemo04thJuneBatch:63 - Clicked on login button
2022-10-09 08:25:51,250  INFO [main] SauceDemo04thJuneBatch:27 - apply the validation
2022-10-09 08:25:55,443  INFO [main] SauceDemo04thJuneBatch:41 - Browser is opened
2022-10-09 08:25:55,787  INFO [main] SauceDemo04thJuneBatch:45 - Browser is maximized
2022-10-09 08:25:57,334  INFO [main] SauceDemo04thJuneBatch:48 - URL is opened
2022-10-09 08:25:58,090  INFO [main] SauceDemo04thJuneBatch:57 - Username is entered
2022-10-09 08:25:58,604  INFO [main] SauceDemo04thJuneBatch:60 - Password is entered
2022-10-09 08:26:00,005  INFO [main] SauceDemo04thJuneBatch:63 - Clicked on login button
2022-10-09 08:26:06,000  INFO [main] SauceDemo04thJuneBatch:41 - Browser is opened
2022-10-09 08:26:06,321  INFO [main] SauceDemo04thJuneBatch:45 - Browser is maximized
2022-10-09 08:26:08,007  INFO [main] SauceDemo04thJuneBatch:48 - URL is opened
2022-10-09 08:26:08,811  INFO [main] SauceDemo04thJuneBatch:57 - Username is entered
2022-10-09 08:26:09,315  INFO [main] SauceDemo04thJuneBatch:60 - Password is entered
2022-10-09 08:26:10,477  INFO [main] SauceDemo04thJuneBatch:63 - Clicked on login button
2022-10-09 08:26:16,301  INFO [main] SauceDemo04thJuneBatch:41 - Browser is opened
2022-10-09 08:26:16,647  INFO [main] SauceDemo04thJuneBatch:45 - Browser is maximized
2022-10-09 08:26:18,199  INFO [main] SauceDemo04thJuneBatch:48 - URL is opened
2022-10-09 08:26:19,102  INFO [main] SauceDemo04thJuneBatch:57 - Username is entered
2022-10-09 08:26:19,543  INFO [main] SauceDemo04thJuneBatch:60 - Password is entered
2022-10-09 08:26:21,311  INFO [main] SauceDemo04thJuneBatch:63 - Clicked on login button
